0 info it worked if it ends with ok
1 verbose cli [ 'C:\\Program Files\\nodejs\\node.exe',
1 verbose cli   'C:\\Program Files\\nodejs\\node_modules\\npm\\bin\\npm-cli.js',
1 verbose cli   'run',
1 verbose cli   'dev' ]
2 info using npm@3.10.8
3 info using node@v6.9.1
4 verbose run-script [ 'predev', 'dev', 'postdev' ]
5 info lifecycle budget-app@1.0.0~predev: budget-app@1.0.0
6 silly lifecycle budget-app@1.0.0~predev: no script for predev, continuing
7 info lifecycle budget-app@1.0.0~dev: budget-app@1.0.0
8 verbose lifecycle budget-app@1.0.0~dev: unsafe-perm in lifecycle true
9 verbose lifecycle budget-app@1.0.0~dev: PATH: C:\Program Files\nodejs\node_modules\npm\bin\node-gyp-bin;D:\EDA-workspace\budget-app\node_modules\.bin;C:\Users\user\AppData\Local\GitHub\PortableGit_d76a6a98c9315931ec4927243517bc09e9b731a0\cmd;C:\Users\user\AppData\Local\GitHub\PortableGit_d76a6a98c9315931ec4927243517bc09e9b731a0\usr\bin;C:\Users\user\AppData\Local\GitHub\PortableGit_d76a6a98c9315931ec4927243517bc09e9b731a0\usr\share\git-tfs;C:\Users\user\AppData\Local\Apps\2.0\K3N9HE8Z.WJ6\NJEH3QTC.1QN\gith..tion_317444273a93ac29_0003.0001_cbe40ecbe3e419d4;C:\Users\user\AppData\Local\GitHub\lfs-amd64_1.2.0;C:\Windows\system32;C:\Windows;C:\Windows\System32\Wbem;C:\Windows\System32\WindowsPowerShell\v1.0\;C:\Program Files (x86)\Calibre2\;C:\Program Files (x86)\Skype\Phone\;C:\WINDOWS\system32;C:\WINDOWS;C:\WINDOWS\System32\Wbem;C:\WINDOWS\System32\WindowsPowerShell\v1.0\;C:\Program Files\Git\cmd;C:\HashiCorp\Vagrant\bin;C:\Program Files\nodejs\;C:\Program Files (x86)\Brackets\command;C:\Program Files\Calibre2\;C:\Program Files (x86)\Heroku\bin;C:\Program Files (x86)\git\cmd;C:\Program Files (x86)\Git\cmd;C:\WINDOWS\system32\config\systemprofile\.dnx\bin;C:\Program Files\Microsoft DNX\Dnvm\;C:\Program Files\Microsoft SQL Server\130\Tools\Binn\;C:\Program Files (x86)\Windows Kits\8.1\Windows Performance Toolkit\;C:\Users\user\AppData\Local\atom\bin;C:\Users\user\AppData\Local\Microsoft\WindowsApps;C:\Users\user\AppData\Roaming\npm;C:\Program Files (x86)\MSBuild\14.0\bin\;C:\Program Files (x86)\Microsoft SDKs\Windows\v8.1A\bin\NETFX 4.5.1 Tools\x64
10 verbose lifecycle budget-app@1.0.0~dev: CWD: D:\EDA-workspace\budget-app
11 silly lifecycle budget-app@1.0.0~dev: Args: [ '/d /s /c', 'webpack --progress --watch | nodemon server' ]
12 silly lifecycle budget-app@1.0.0~dev: Returned: code: 1  signal: null
13 info lifecycle budget-app@1.0.0~dev: Failed to exec dev script
14 verbose stack Error: budget-app@1.0.0 dev: `webpack --progress --watch | nodemon server`
14 verbose stack Exit status 1
14 verbose stack     at EventEmitter.<anonymous> (C:\Program Files\nodejs\node_modules\npm\lib\utils\lifecycle.js:255:16)
14 verbose stack     at emitTwo (events.js:106:13)
14 verbose stack     at EventEmitter.emit (events.js:191:7)
14 verbose stack     at ChildProcess.<anonymous> (C:\Program Files\nodejs\node_modules\npm\lib\utils\spawn.js:40:14)
14 verbose stack     at emitTwo (events.js:106:13)
14 verbose stack     at ChildProcess.emit (events.js:191:7)
14 verbose stack     at maybeClose (internal/child_process.js:877:16)
14 verbose stack     at Process.ChildProcess._handle.onexit (internal/child_process.js:226:5)
15 verbose pkgid budget-app@1.0.0
16 verbose cwd D:\EDA-workspace\budget-app
17 error Windows_NT 10.0.14393
18 error argv "C:\\Program Files\\nodejs\\node.exe" "C:\\Program Files\\nodejs\\node_modules\\npm\\bin\\npm-cli.js" "run" "dev"
19 error node v6.9.1
20 error npm  v3.10.8
21 error code ELIFECYCLE
22 error budget-app@1.0.0 dev: `webpack --progress --watch | nodemon server`
22 error Exit status 1
23 error Failed at the budget-app@1.0.0 dev script 'webpack --progress --watch | nodemon server'.
23 error Make sure you have the latest version of node.js and npm installed.
23 error If you do, this is most likely a problem with the budget-app package,
23 error not with npm itself.
23 error Tell the author that this fails on your system:
23 error     webpack --progress --watch | nodemon server
23 error You can get information on how to open an issue for this project with:
23 error     npm bugs budget-app
23 error Or if that isn't available, you can get their info via:
23 error     npm owner ls budget-app
23 error There is likely additional logging output above.
24 verbose exit [ 1, true ]
